La génération a démarré 03/10/2014 17:18:34.
     1>Projet "C:\Users\SKNZ\Desktop\Development\IUT\ModMath\CosineTransform1\CosineTransform1\CosineTransform1.vcxproj" sur le nœud 2 (Build cible(s)).
     1>ClCompile:
         C:\Program Files (x86)\Microsoft Visual Studio 12.0\VC\bin\CL.exe /c /ZI /nologo /W3 /WX- /sdl /Od /Oy- /D WIN32 /D _DEBUG /D _CONSOLE /D _LIB /D _UNICODE /D UNICODE /Gm /EHsc /RTC1 /MDd /GS /fp:precise /Zc:wchar_t /Zc:forScope /Yu"stdafx.h" /Fp"Debug\CosineTransform1.pch" /Fo"Debug\\" /Fd"Debug\vc120.pdb" /Gd /TP /analyze- /errorReport:prompt CosineTransform1.cpp
         CosineTransform1.cpp
     1>c:\users\sknz\desktop\development\iut\modmath\cosinetransform1\cosinetransform1\cosinetransform1.cpp(60): warning C4244: 'return' : conversion de 'double' en 'float', perte possible de données
     1>c:\users\sknz\desktop\development\iut\modmath\cosinetransform1\cosinetransform1\cosinetransform1.cpp(65): warning C4244: 'return' : conversion de 'double' en 'float', perte possible de données
     1>c:\users\sknz\desktop\development\iut\modmath\cosinetransform1\cosinetransform1\cosinetransform1.cpp(70): warning C4244: 'return' : conversion de 'double' en 'float', perte possible de données
     1>c:\users\sknz\desktop\development\iut\modmath\cosinetransform1\cosinetransform1\cosinetransform1.cpp(75): warning C4244: '=' : conversion de 'double' en 'uint8_t', perte possible de données
     1>c:\users\sknz\desktop\development\iut\modmath\cosinetransform1\cosinetransform1\cosinetransform1.cpp(80): warning C4244: '=' : conversion de 'double' en 'uint8_t', perte possible de données
     1>c:\users\sknz\desktop\development\iut\modmath\cosinetransform1\cosinetransform1\cosinetransform1.cpp(85): warning C4244: '=' : conversion de 'double' en 'uint8_t', perte possible de données
     1>c:\users\sknz\desktop\development\iut\modmath\cosinetransform1\cosinetransform1\cosinetransform1.cpp(247): warning C4244: 'argument' : conversion de 'float' en 'uint8_t', perte possible de données
     1>c:\users\sknz\desktop\development\iut\modmath\cosinetransform1\cosinetransform1\cosinetransform1.cpp(247): warning C4244: 'argument' : conversion de 'double' en 'uint8_t', perte possible de données
     1>c:\users\sknz\desktop\development\iut\modmath\cosinetransform1\cosinetransform1\cosinetransform1.cpp(248): warning C4244: 'argument' : conversion de 'float' en 'uint8_t', perte possible de données
     1>c:\users\sknz\desktop\development\iut\modmath\cosinetransform1\cosinetransform1\cosinetransform1.cpp(248): warning C4244: 'argument' : conversion de 'double' en 'uint8_t', perte possible de données
     1>c:\users\sknz\desktop\development\iut\modmath\cosinetransform1\cosinetransform1\cosinetransform1.cpp(249): warning C4244: 'argument' : conversion de 'float' en 'uint8_t', perte possible de données
     1>c:\users\sknz\desktop\development\iut\modmath\cosinetransform1\cosinetransform1\cosinetransform1.cpp(249): warning C4244: 'argument' : conversion de 'double' en 'uint8_t', perte possible de données
       Link:
         C:\Program Files (x86)\Microsoft Visual Studio 12.0\VC\bin\link.exe /ERRORREPORT:PROMPT /OUT:"C:\Users\SKNZ\Desktop\Development\IUT\ModMath\CosineTransform1\Debug\CosineTransform1.exe" /INCREMENTAL /NOLOGO kernel32.lib user32.lib gdi32.lib winspool.lib comdlg32.lib advapi32.lib shell32.lib ole32.lib oleaut32.lib uuid.lib odbc32.lib odbccp32.lib /MANIFEST /MANIFESTUAC:"level='asInvoker' uiAccess='false'" /manifest:embed /DEBUG /PDB:"C:\Users\SKNZ\Desktop\Development\IUT\ModMath\CosineTransform1\Debug\CosineTransform1.pdb" /SUBSYSTEM:CONSOLE /TLBID:1 /DYNAMICBASE /NXCOMPAT /IMPLIB:"C:\Users\SKNZ\Desktop\Development\IUT\ModMath\CosineTransform1\Debug\CosineTransform1.lib" /MACHINE:X86 Debug\CosineTransform1.obj
         Debug\stdafx.obj
         CosineTransform1.vcxproj -> C:\Users\SKNZ\Desktop\Development\IUT\ModMath\CosineTransform1\Debug\CosineTransform1.exe
     1>Génération du projet "C:\Users\SKNZ\Desktop\Development\IUT\ModMath\CosineTransform1\CosineTransform1\CosineTransform1.vcxproj" terminée (Build cible(s)).

La génération a réussi.

Temps écoulé 00:00:00.56
